# JRE version: Java(TM) SE Runtime Environment (17.0.12+8) (build 17.0.12+8-LTS-286)
# Java VM: Java HotSpot(TM) 64-Bit Server VM (17.0.12+8-LTS-286, mixed mode, emulated-client, sharing, tiered, compressed oops, compressed class ptrs, g1 gc, windows-amd64)
GC Precious Log:
 CPUs: 8 total, 8 available
 Memory: 16289M
 Large Page Support: Disabled
 NUMA Support: Disabled
 Compressed Oops: Enabled (Zero based)
 Heap Region Size: 2M
 Heap Min Capacity: 8M
 Heap Initial Capacity: 256M
 Heap Max Capacity: 4074M
 Pre-touch: Disabled
 Parallel Workers: 8
 Concurrent Workers: 2
 Concurrent Refinement Workers: 8
 Periodic GC: Disabled
Heap:
 garbage-first heap   total 108544K, used 73477K [0x0000000701600000, 0x0000000800000000)
  region size 2048K, 19 young (38912K), 2 survivors (4096K)
 Metaspace       used 82489K, committed 83328K, reserved 1179648K
  class space    used 12105K, committed 12480K, reserved 1048576K
GC Heap History (20 events):
Event: 700.858 GC heap before
{Heap before GC invocations=31 (full 3):
 garbage-first heap   total 108544K, used 80671K [0x0000000701600000, 0x0000000800000000)
  region size 2048K, 23 young (47104K), 2 survivors (4096K)
 Metaspace       used 81072K, committed 81728K, reserved 1179648K
  class space    used 11935K, committed 12224K, reserved 1048576K
}
Event: 700.863 GC heap after
{Heap after GC invocations=32 (full 3):
 garbage-first heap   total 108544K, used 39836K [0x0000000701600000, 0x0000000800000000)
  region size 2048K, 2 young (4096K), 2 survivors (4096K)
 Metaspace       used 81072K, committed 81728K, reserved 1179648K
  class space    used 11935K, committed 12224K, reserved 1048576K
}
Event: 703.723 GC heap before
{Heap before GC invocations=32 (full 3):
 garbage-first heap   total 108544K, used 80796K [0x0000000701600000, 0x0000000800000000)
  region size 2048K, 22 young (45056K), 2 survivors (4096K)
 Metaspace       used 81314K, committed 82048K, reserved 1179648K
  class space    used 11990K, committed 12352K, reserved 1048576K
}
Event: 703.727 GC heap after
{Heap after GC invocations=33 (full 3):
 garbage-first heap   total 108544K, used 41916K [0x0000000701600000, 0x0000000800000000)
  region size 2048K, 3 young (6144K), 3 survivors (6144K)
 Metaspace       used 81314K, committed 82048K, reserved 1179648K
  class space    used 11990K, committed 12352K, reserved 1048576K
}
Event: 708.003 GC heap before
{Heap before GC invocations=33 (full 3):
 garbage-first heap   total 108544K, used 78780K [0x0000000701600000, 0x0000000800000000)
  region size 2048K, 22 young (45056K), 3 survivors (6144K)
 Metaspace       used 81469K, committed 82176K, reserved 1179648K
  class space    used 12004K, committed 12352K, reserved 1048576K
}
Event: 708.008 GC heap after
{Heap after GC invocations=34 (full 3):
 garbage-first heap   total 108544K, used 43946K [0x0000000701600000, 0x0000000800000000)
  region size 2048K, 3 young (6144K), 3 survivors (6144K)
 Metaspace       used 81469K, committed 82176K, reserved 1179648K
  class space    used 12004K, committed 12352K, reserved 1048576K
}
Event: 715.131 GC heap before
{Heap before GC invocations=34 (full 3):
 garbage-first heap   total 108544K, used 80810K [0x0000000701600000, 0x0000000800000000)
  region size 2048K, 21 young (43008K), 3 survivors (6144K)
 Metaspace       used 81638K, committed 82304K, reserved 1179648K
  class space    used 12018K, committed 12352K, reserved 1048576K
}
Event: 715.135 GC heap after
{Heap after GC invocations=35 (full 3):
 garbage-first heap   total 108544K, used 44905K [0x0000000701600000, 0x0000000800000000)
  region size 2048K, 2 young (4096K), 2 survivors (4096K)
 Metaspace       used 81638K, committed 82304K, reserved 1179648K
  class space    used 12018K, committed 12352K, reserved 1048576K
}
Event: 715.870 GC heap before
{Heap before GC invocations=35 (full 3):
 garbage-first heap   total 108544K, used 79721K [0x0000000701600000, 0x0000000800000000)
  region size 2048K, 20 young (40960K), 2 survivors (4096K)
 Metaspace       used 81698K, committed 82368K, reserved 1179648K
  class space    used 12024K, committed 12352K, reserved 1048576K
}
Event: 715.874 GC heap after
{Heap after GC invocations=36 (full 3):
 garbage-first heap   total 108544K, used 46101K [0x0000000701600000, 0x0000000800000000)
  region size 2048K, 2 young (4096K), 2 survivors (4096K)
 Metaspace       used 81698K, committed 82368K, reserved 1179648K
  class space    used 12024K, committed 12352K, reserved 1048576K
}
Event: 719.874 GC heap before
{Heap before GC invocations=36 (full 3):
 garbage-first heap   total 108544K, used 82965K [0x0000000701600000, 0x0000000800000000)
  region size 2048K, 20 young (40960K), 2 survivors (4096K)
 Metaspace       used 81950K, committed 82688K, reserved 1179648K
  class space    used 12041K, committed 12416K, reserved 1048576K
}
Event: 719.879 GC heap after
{Heap after GC invocations=37 (full 3):
 garbage-first heap   total 108544K, used 48016K [0x0000000701600000, 0x0000000800000000)
  region size 2048K, 2 young (4096K), 2 survivors (4096K)
 Metaspace       used 81950K, committed 82688K, reserved 1179648K
  class space    used 12041K, committed 12416K, reserved 1048576K
}
Event: 720.985 GC heap before
{Heap before GC invocations=37 (full 3):
 garbage-first heap   total 108544K, used 82832K [0x0000000701600000, 0x0000000800000000)
  region size 2048K, 19 young (38912K), 2 survivors (4096K)
 Metaspace       used 81962K, committed 82688K, reserved 1179648K
  class space    used 12044K, committed 12416K, reserved 1048576K
}
Event: 720.990 GC heap after
{Heap after GC invocations=38 (full 3):
 garbage-first heap   total 108544K, used 49608K [0x0000000701600000, 0x0000000800000000)
  region size 2048K, 2 young (4096K), 2 survivors (4096K)
 Metaspace       used 81962K, committed 82688K, reserved 1179648K
  class space    used 12044K, committed 12416K, reserved 1048576K
}
Event: 961.353 GC heap before
{Heap before GC invocations=39 (full 3):
 garbage-first heap   total 108544K, used 76232K [0x0000000701600000, 0x0000000800000000)
  region size 2048K, 16 young (32768K), 2 survivors (4096K)
 Metaspace       used 82083K, committed 82816K, reserved 1179648K
  class space    used 12065K, committed 12416K, reserved 1048576K
}
Event: 961.422 GC heap after
{Heap after GC invocations=40 (full 4):
 garbage-first heap   total 108544K, used 34768K [0x0000000701600000, 0x0000000800000000)
  region size 2048K, 0 young (0K), 0 survivors (0K)
 Metaspace       used 82072K, committed 82816K, reserved 1179648K
  class space    used 12063K, committed 12416K, reserved 1048576K
}
Event: 962.138 GC heap before
{Heap before GC invocations=40 (full 4):
 garbage-first heap   total 108544K, used 81872K [0x0000000701600000, 0x0000000800000000)
  region size 2048K, 23 young (47104K), 0 survivors (0K)
 Metaspace       used 82187K, committed 82944K, reserved 1179648K
  class space    used 12080K, committed 12416K, reserved 1048576K
}
Event: 962.141 GC heap after
{Heap after GC invocations=41 (full 4):
 garbage-first heap   total 108544K, used 38550K [0x0000000701600000, 0x0000000800000000)
  region size 2048K, 2 young (4096K), 2 survivors (4096K)
 Metaspace       used 82187K, committed 82944K, reserved 1179648K
  class space    used 12080K, committed 12416K, reserved 1048576K
}
Event: 965.322 GC heap before
{Heap before GC invocations=41 (full 4):
 garbage-first heap   total 108544K, used 81558K [0x0000000701600000, 0x0000000800000000)
  region size 2048K, 23 young (47104K), 2 survivors (4096K)
 Metaspace       used 82471K, committed 83200K, reserved 1179648K
  class space    used 12102K, committed 12416K, reserved 1048576K
}
Event: 965.326 GC heap after
{Heap after GC invocations=42 (full 4):
 garbage-first heap   total 108544K, used 40709K [0x0000000701600000, 0x0000000800000000)
  region size 2048K, 2 young (4096K), 2 survivors (4096K)
 Metaspace       used 82471K, committed 83200K, reserved 1179648K
  class space    used 12102K, committed 12416K, reserved 1048576K
}

